0 info it worked if it ends with ok
1 verbose cli [ '/usr/local/Cellar/node/8.2.1/bin/node',
1 verbose cli   '/usr/local/bin/npm',
1 verbose cli   'start' ]
2 info using npm@3.10.10
3 info using node@v6.9.5
4 verbose run-script [ 'prestart', 'start', 'poststart' ]
5 info lifecycle microServer@~prestart: microServer@
6 silly lifecycle microServer@~prestart: no script for prestart, continuing
7 info lifecycle microServer@~start: microServer@
8 verbose lifecycle microServer@~start: unsafe-perm in lifecycle true
9 verbose lifecycle microServer@~start: PATH: /usr/local/lib/node_modules/npm/bin/node-gyp-bin:/Users/jefftech/bouquet_coding_challenge/node_modules/.bin:/usr/local/Cellar/node/8.2.1/bin:/usr/local/bin:/usr/bin:/bin:/usr/sbin:/sbin
10 verbose lifecycle microServer@~start: CWD: /Users/jefftech/bouquet_coding_challenge
11 silly lifecycle microServer@~start: Args: [ '-c', 'micro' ]
12 silly lifecycle microServer@~start: Returned: code: 1  signal: null
13 info lifecycle microServer@~start: Failed to exec start script
14 verbose stack Error: microServer@ start: `micro`
14 verbose stack Exit status 1
14 verbose stack     at EventEmitter.<anonymous> (/usr/local/lib/node_modules/npm/lib/utils/lifecycle.js:255:16)
14 verbose stack     at emitTwo (events.js:106:13)
14 verbose stack     at EventEmitter.emit (events.js:191:7)
14 verbose stack     at ChildProcess.<anonymous> (/usr/local/lib/node_modules/npm/lib/utils/spawn.js:40:14)
14 verbose stack     at emitTwo (events.js:106:13)
14 verbose stack     at ChildProcess.emit (events.js:191:7)
14 verbose stack     at maybeClose (internal/child_process.js:877:16)
14 verbose stack     at Process.ChildProcess._handle.onexit (internal/child_process.js:226:5)
15 verbose pkgid microServer@
16 verbose cwd /Users/jefftech/bouquet_coding_challenge
17 error Darwin 16.7.0
18 error argv "/usr/local/Cellar/node/8.2.1/bin/node" "/usr/local/bin/npm" "start"
19 error node v6.9.5
20 error npm  v3.10.10
21 error code ELIFECYCLE
22 error microServer@ start: `micro`
22 error Exit status 1
23 error Failed at the microServer@ start script 'micro'.
23 error Make sure you have the latest version of node.js and npm installed.
23 error If you do, this is most likely a problem with the microServer package,
23 error not with npm itself.
23 error Tell the author that this fails on your system:
23 error     micro
23 error You can get information on how to open an issue for this project with:
23 error     npm bugs microServer
23 error Or if that isn't available, you can get their info via:
23 error     npm owner ls microServer
23 error There is likely additional logging output above.
24 verbose exit [ 1, true ]
